
[1;36m======= Adhbhut System Setup - Interactive Menu =======[0m
[1;33mPlease select an option:[0m

0) Run complete scripts (default)
1) Install packages only
2) Install packages and setup tools
3) Install packages and setup terminals
4) Apply themes only
5) Save current theme
6) Restore saved theme
7) Exit

Enter your choice (0-7): 
[1;36m======= Applying Themes Only =======[0m

[1;36m======= Theme Selection =======[0m
[1;33mAvailable themes:[0m
  1) Red Theme
  2) Green Theme
  3) Yellow Theme
  4) Grey Theme
  5) grey-yellow Theme
  6) Skip theme application

Enter your choice (1-6): [34m[INFO][0m Selected theme: addy-red
[35m[DEBUG][0m Starting apply_theme with: addy-red
[34m[INFO][0m Applying theme: addy-red
[35m[DEBUG][0m Checking for required functions: set_system_theme_red set_terminal_theme_red set_tmux_theme_red
[35m[DEBUG][0m All required functions found. Starting theme application...
[34m[INFO][0m Applying system theme...
[35m[DEBUG][0m Calling set_system_theme_red...

[1;33m➡️  Setting up system theme: addy-red[0m

[1;33m➡️  Installing Yaru GTK theme with 'red' accent...[0m

[1;33m➡️  ✅ Yaru theme is already available on the system.[0m

[1;33m➡️  Creating shell theme: Adhbhut-Transparent[0m

[1;33m➡️  ✅ Shell theme 'Adhbhut-Transparent' created.[0m

[1;33m➡️  Applying custom CSS overrides with accent color #E95420...[0m

[1;33m➡️  Backing up existing GTK3 CSS to gtk.css.bak[0m

[1;33m➡️  Backing up existing GTK4 CSS to gtk.css.bak[0m

[1;33m➡️  ✅ Custom CSS files created.[0m

[1;33m➡️  ✅ System theme 'addy-red' applied successfully.[0m
[35m[DEBUG][0m System theme red succeeded
[34m[INFO][0m Applying terminal theme...
[35m[DEBUG][0m Calling set_terminal_theme_red...

[1;36m➡️  Checking for existing terminal profile: addy-red[0m

[1;36m➡️  Creating new terminal profile: addy-red[0m
error: 160:expected end of input

Usage:
  dconf write KEY VALUE 

Write a new value to a key

Arguments:
  KEY         A key path (starting, but not ending with '/')
  VALUE       The value to write (in GVariant format)


[1;36m➡️  Adding new profile to the list...[0m

[1;36m➡️  Setting 'addy-red' as default profile.[0m

[1;36m➡️  ✅ Terminal theme 'addy-red' applied successfully.[0m

[1;36m➡️  Set 'addy-red' as default profile[0m

[1;36m➡️  Restarting gnome-terminal to avoid D-Bus conflicts...[0m
[35m[DEBUG][0m Terminal theme red succeeded
[34m[INFO][0m Applying tmux colors for red theme...
[35m[DEBUG][0m Tmux theme red applied successfully
[35m[DEBUG][0m System success: true, Terminal success: true
[32m[SUCCESS][0m addy-red theme applied successfully.
[32m[SUCCESS][0m Theme application completed!
[34m[INFO][0m Applying lock screen theme...
🎨 Setting up lock screen to match your theme...
